<?xml version="1.0" encoding="UTF-8"?>
<!-- Generated by org.testng.reporters.JUnitXMLReporter -->
<testsuite hostname="INL49-00BAAAAGG" ignored="0" name="TestCase" tests="2" failures="1" timestamp="27 Nov 2021 11:33:46 GMT" time="42.732" errors="0">
  <testcase name="runfirsttestcase" time="5.258" classname="org.cynergy.automation.testcase.Login_Testcase"/>
  <testcase name="runSecondTestcase" time="30.466" classname="org.cynergy.automation.testcase.Login_Testcase">
    <failure type="java.lang.AssertionError" message=" Username and Password button Not clickable  ERROR MESSAGE Expected condition failed: waiting for element to be clickable: Located by By.chained({By.AccessibilityId: Enter your User ID and password, Enter your user id and password to log in123}) (tried for 30 second(s) with 500 milliseconds interval)">
      <![CDATA[java.lang.AssertionError:  Username and Password button Not clickable  ERROR MESSAGE Expected condition failed: waiting for element to be clickable: Located by By.chained({By.AccessibilityId: Enter your User ID and password, Enter your user id and password to log in123}) (tried for 30 second(s) with 500 milliseconds interval)
	at org.cynergy.automation.utility.GenericFunctions.ClickElement(GenericFunctions.java:110)
	at org.cynergy.automation.screen.HomeScreen.ClickUsernamePassword_Button(HomeScreen.java:31)
	at org.cynergy.automation.testcase.Login_Testcase.runSecondTestcase(Login_Testcase.java:31)
... Removed 26 stack frames]]>
    </failure>
  </testcase> <!-- runSecondTestcase -->
</testsuite> <!-- TestCase -->
